<?xml version="1.0" encoding="UTF-8"?>
<!-- Generated by org.testng.reporters.JUnitReportReporter -->
<testsuite hostname="IANKOH-PC" failures="0" tests="1" name="com.cgpsTests.LauchWebApp2" time="52.147" errors="0" timestamp="2022-03-08T13:04:36 WAT" skipped="0">
  <testcase classname="com.cgpsTests.LauchWebApp2" name="openCGPS" time="52.147"/>
  <system-out/>
</testsuite> <!-- com.cgpsTests.LauchWebApp2 -->
