<?xml version="1.0" encoding="UTF-8"?>
<!-- Generated by org.testng.reporters.JUnitReportReporter -->
<testsuite hostname="IANKOH-PC" failures="0" tests="1" name="SSUPGRADE.update_personal_info" time="14.969" errors="0" timestamp="2020-12-15T15:37:02 WAT" skipped="0">
  <testcase classname="SSUPGRADE.update_personal_info" name="update_info" time="14.969"/>
  <system-out/>
</testsuite> <!-- SSUPGRADE.update_personal_info -->
