<?xml version="1.0" encoding="UTF-8"?>
<!-- Generated by org.testng.reporters.JUnitReportReporter -->
<testsuite hostname="IANKOH-PC" failures="0" tests="1" name="com.cgpsTests.BulkUpload" time="37.018" errors="0" timestamp="2022-02-22T13:00:43 WAT" skipped="0">
  <testcase classname="com.cgpsTests.BulkUpload" name="test" time="37.018"/>
  <system-out/>
</testsuite> <!-- com.cgpsTests.BulkUpload -->
