<?xml version="1.0" encoding="UTF-8"?>
<!-- Generated by org.testng.reporters.JUnitReportReporter -->
<testsuite hostname="IANKOH-PC" failures="0" tests="1" name="com.cgpsTests.PAPAgents" time="59.628" errors="0" timestamp="2022-03-02T09:00:04 WAT" skipped="0">
  <testcase classname="com.cgpsTests.PAPAgents" name="verifyPAPAccount" time="59.628"/>
  <system-out/>
</testsuite> <!-- com.cgpsTests.PAPAgents -->
