<?xml version="1.0" encoding="UTF-8"?>
<!-- Generated by org.testng.reporters.JUnitReportReporter -->
<testsuite hostname="IANKOH-PC" failures="0" tests="1" name="SSUPGRADE.launch_browser" time="17.603" errors="0" timestamp="2020-12-15T15:37:02 WAT" skipped="0">
  <testcase classname="SSUPGRADE.launch_browser" name="launchBrowser" time="17.603"/>
  <system-out/>
</testsuite> <!-- SSUPGRADE.launch_browser -->
