<?xml version="1.0" encoding="UTF-8"?>
<!-- Generated by org.testng.reporters.JUnitReportReporter -->
<testsuite hostname="IANKOH-PC" failures="0" tests="1" name="com.cgpsTests.BulkUpload" time="57.387" errors="0" timestamp="2022-02-21T01:54:27 WAT" skipped="0">
  <testcase classname="com.cgpsTests.BulkUpload" name="test" time="57.387"/>
  <system-out/>
</testsuite> <!-- com.cgpsTests.BulkUpload -->
