<?xml version="1.0" encoding="UTF-8"?>
<!-- Generated by org.testng.reporters.JUnitReportReporter -->
<testsuite hostname="IANKOH-PC" failures="0" tests="1" name="com.cgpsTests.BulkUpload" time="93.141" errors="0" timestamp="2022-03-01T16:10:10 WAT" skipped="0">
  <testcase classname="com.cgpsTests.BulkUpload" name="test" time="93.141"/>
  <system-out/>
</testsuite> <!-- com.cgpsTests.BulkUpload -->
