<?xml version="1.0" encoding="UTF-8"?>
<!-- Generated by org.testng.reporters.JUnitReportReporter -->
<testsuite hostname="IANKOH-PC" failures="0" tests="2" name="com.automation.testNG.testNGfamework1.ppp_personalinfo" time="17.825" errors="0" timestamp="2020-12-14T14:23:24 WAT" skipped="0">
  <testcase classname="com.automation.testNG.testNGfamework1.ppp_personalinfo" name="confirm" time="5.077"/>
  <system-out/>
  <testcase classname="com.automation.testNG.testNGfamework1.ppp_personalinfo" name="alogin" time="12.748"/>
  <system-out/>
</testsuite> <!-- com.automation.testNG.testNGfamework1.ppp_personalinfo -->
