<?xml version="1.0" encoding="UTF-8"?>
<!-- Generated by org.testng.reporters.JUnitReportReporter -->
<testsuite hostname="IANKOH-PC" failures="0" tests="1" name="com.cgpsTests.BulkUpload" time="35.235" errors="0" timestamp="2022-02-26T17:39:40 WAT" skipped="0">
  <testcase classname="com.cgpsTests.BulkUpload" name="test" time="35.235"/>
  <system-out/>
</testsuite> <!-- com.cgpsTests.BulkUpload -->
