<?xml version="1.0" encoding="UTF-8"?>
<!-- Generated by org.testng.reporters.JUnitReportReporter -->
<testsuite hostname="IANKOH-PC" failures="0" tests="2" name="com.cgpsTests.PAPAgents" time="86.613" errors="0" timestamp="2022-02-21T01:24:58 WAT" skipped="0">
  <testcase classname="com.cgpsTests.PAPAgents" name="addProductTOCampaign" time="40.054"/>
  <system-out/>
  <testcase classname="com.cgpsTests.PAPAgents" name="verifyPAPAccount" time="46.559"/>
  <system-out/>
</testsuite> <!-- com.cgpsTests.PAPAgents -->
