<?xml version="1.0" encoding="UTF-8"?>
<!-- Generated by org.testng.reporters.JUnitReportReporter -->
<testsuite hostname="IANKOH-PC" failures="0" tests="2" name="com.cgpsTests.BulkUpload" time="45.625" errors="0" timestamp="2022-03-14T01:27:43 WAT" skipped="0">
  <testcase classname="com.cgpsTests.BulkUpload" name="newAgentLogin" time="14.099"/>
  <system-out/>
  <testcase classname="com.cgpsTests.BulkUpload" name="bulkUpload" time="31.526"/>
  <system-out/>
</testsuite> <!-- com.cgpsTests.BulkUpload -->
