<?xml version="1.0" encoding="UTF-8"?>
<!-- Generated by org.testng.reporters.JUnitReportReporter -->
<testsuite hostname="IANKOH-PC" failures="0" tests="1" name="cgpsTests.PAPAgents" time="52.085" errors="0" timestamp="2022-02-20T21:44:25 WAT" skipped="0">
  <testcase classname="cgpsTests.PAPAgents" name="verifyPAPAccount" time="52.085"/>
  <system-out/>
</testsuite> <!-- cgpsTests.PAPAgents -->
