<?xml version="1.0" encoding="UTF-8"?>
<!-- Generated by org.testng.reporters.JUnitReportReporter -->
<testsuite hostname="IANKOH-PC" failures="0" tests="2" name="com.cgpsTests.PAPAgents" time="143.134" errors="0" timestamp="2022-02-26T17:39:40 WAT" skipped="0">
  <testcase classname="com.cgpsTests.PAPAgents" name="verifyPAPAccount" time="69.954"/>
  <system-out/>
  <testcase classname="com.cgpsTests.PAPAgents" name="addProductTOCampaign" time="73.180"/>
  <system-out/>
</testsuite> <!-- com.cgpsTests.PAPAgents -->
