<?xml version="1.0" encoding="UTF-8"?>
<!-- Generated by org.testng.reporters.JUnitReportReporter -->
<testsuite hostname="IANKOH-PC" failures="0" tests="1" name="com.cgpsTests.emailNotificationTest" time="53.175" errors="0" timestamp="2022-03-02T09:00:04 WAT" skipped="0">
  <testcase classname="com.cgpsTests.emailNotificationTest" name="addInbox" time="53.175"/>
  <system-out/>
</testsuite> <!-- com.cgpsTests.emailNotificationTest -->
