<?xml version="1.0" encoding="UTF-8"?>
<!-- Generated by org.testng.reporters.JUnitReportReporter -->
<testsuite hostname="IANKOH-PC" failures="0" tests="2" name="com.cgpsTests.PAPAgents" time="106.975" errors="0" timestamp="2022-02-21T01:54:27 WAT" skipped="0">
  <testcase classname="com.cgpsTests.PAPAgents" name="verifyPAPAccount" time="68.410"/>
  <system-out/>
  <testcase classname="com.cgpsTests.PAPAgents" name="addProductTOCampaign" time="38.565"/>
  <system-out/>
</testsuite> <!-- com.cgpsTests.PAPAgents -->
