<?xml version="1.0" encoding="UTF-8"?>
<!-- Generated by org.testng.reporters.JUnitReportReporter -->
<testsuite hostname="IANKOH-PC" failures="0" tests="2" name="com.cgpsTests.PAPAgents" time="118.463" errors="0" timestamp="2022-02-22T13:00:43 WAT" skipped="0">
  <testcase classname="com.cgpsTests.PAPAgents" name="verifyPAPAccount" time="63.660"/>
  <system-out/>
  <testcase classname="com.cgpsTests.PAPAgents" name="addProductTOCampaign" time="54.803"/>
  <system-out/>
</testsuite> <!-- com.cgpsTests.PAPAgents -->
